<?xml version="1.0" encoding="UTF-8"?>
<testsuite name="validating response" tests="1" skipped="0" failures="0" errors="0" timestamp="2022-04-10T21:48:59" hostname="LAPTOP" time="6.814">
  <properties/>
  <testcase name="EMPTY_NAME" classname="validating response" time="6.814"/>
  <system-out><![CDATA[]]></system-out>
  <system-err><![CDATA[]]></system-err>
</testsuite>
